<?xml version="1.0" encoding="UTF-8"?>
<!-- Generated by org.testng.reporters.JUnitXMLReporter -->
<testsuite hostname="DESKTOP-PH2DJEV" ignored="18" name="Default test" tests="1" failures="0" timestamp="2022-11-17T14:22:10 IST" time="24.809" errors="0">
  <testcase name="Testcase18" time="0.014" classname="Testcasewebpage.Test_Cases"/>
  <testcase name="Testcase13" time="0.0" classname="Testcasewebpage.Test_Cases">
    <ignored/>
  </testcase> <!-- Testcase13 -->
  <testcase name="Testcase15" time="0.0" classname="Testcasewebpage.Test_Cases">
    <ignored/>
  </testcase> <!-- Testcase15 -->
  <testcase name="Testcase14" time="0.0" classname="Testcasewebpage.Test_Cases">
    <ignored/>
  </testcase> <!-- Testcase14 -->
  <testcase name="Testcase16" time="0.0" classname="Testcasewebpage.Test_Cases">
    <ignored/>
  </testcase> <!-- Testcase16 -->
  <testcase name="Testcase11" time="0.0" classname="Testcasewebpage.Test_Cases">
    <ignored/>
  </testcase> <!-- Testcase11 -->
  <testcase name="Testcase10" time="0.0" classname="Testcasewebpage.Test_Cases">
    <ignored/>
  </testcase> <!-- Testcase10 -->
  <testcase name="Testcase1" time="0.0" classname="Testcasewebpage.Test_Cases">
    <ignored/>
  </testcase> <!-- Testcase1 -->
  <testcase name="Testcase17" time="0.0" classname="Testcasewebpage.Test_Cases">
    <ignored/>
  </testcase> <!-- Testcase17 -->
  <testcase name="Testcase5" time="0.0" classname="Testcasewebpage.Test_Cases">
    <ignored/>
  </testcase> <!-- Testcase5 -->
  <testcase name="Testcase19" time="0.0" classname="Testcasewebpage.Test_Cases">
    <ignored/>
  </testcase> <!-- Testcase19 -->
  <testcase name="Testcase9" time="0.0" classname="Testcasewebpage.Test_Cases">
    <ignored/>
  </testcase> <!-- Testcase9 -->
  <testcase name="Testcase2" time="0.0" classname="Testcasewebpage.Test_Cases">
    <ignored/>
  </testcase> <!-- Testcase2 -->
  <testcase name="Testcase3" time="0.0" classname="Testcasewebpage.Test_Cases">
    <ignored/>
  </testcase> <!-- Testcase3 -->
  <testcase name="Testcase4" time="0.0" classname="Testcasewebpage.Test_Cases">
    <ignored/>
  </testcase> <!-- Testcase4 -->
  <testcase name="Testcase6" time="0.0" classname="Testcasewebpage.Test_Cases">
    <ignored/>
  </testcase> <!-- Testcase6 -->
  <testcase name="Testcase7" time="0.0" classname="Testcasewebpage.Test_Cases">
    <ignored/>
  </testcase> <!-- Testcase7 -->
  <testcase name="Testcase8" time="0.0" classname="Testcasewebpage.Test_Cases">
    <ignored/>
  </testcase> <!-- Testcase8 -->
  <testcase name="Testcase12" time="0.0" classname="Testcasewebpage.Test_Cases">
    <ignored/>
  </testcase> <!-- Testcase12 -->
</testsuite> <!-- Default test -->
