<?xml version="1.0" encoding="UTF-8"?>
<!-- Generated by org.testng.reporters.JUnitXMLReporter -->
<testsuite hostname="DESKTOP-PH2DJEV" ignored="7" name="Test" tests="3" failures="0" timestamp="2022-12-07T20:49:57 IST" time="51.82" errors="0">
  <testcase name="Testcase6" time="4.996" classname="Testcasewebpage.SignUp_Testcases"/>
  <testcase name="Testcase7" time="5.696" classname="Testcasewebpage.SignUp_Testcases"/>
  <testcase name="Testcase8" time="5.923" classname="Testcasewebpage.SignUp_Testcases"/>
  <testcase name="Testcase9" time="0.0" classname="Testcasewebpage.SignUp_Testcases">
    <ignored/>
  </testcase> <!-- Testcase9 -->
  <testcase name="Testcase10" time="0.0" classname="Testcasewebpage.SignUp_Testcases">
    <ignored/>
  </testcase> <!-- Testcase10 -->
  <testcase name="Testcase11" time="0.0" classname="Testcasewebpage.SignUp_Testcases">
    <ignored/>
  </testcase> <!-- Testcase11 -->
  <testcase name="Testcase12" time="0.0" classname="Testcasewebpage.SignUp_Testcases">
    <ignored/>
  </testcase> <!-- Testcase12 -->
  <testcase name="Testcase13" time="0.0" classname="Testcasewebpage.SignUp_Testcases">
    <ignored/>
  </testcase> <!-- Testcase13 -->
  <testcase name="Testcase14" time="0.0" classname="Testcasewebpage.SignUp_Testcases">
    <ignored/>
  </testcase> <!-- Testcase14 -->
  <testcase name="Testcase15" time="0.0" classname="Testcasewebpage.SignUp_Testcases">
    <ignored/>
  </testcase> <!-- Testcase15 -->
</testsuite> <!-- Test -->
