<?xml version="1.0" encoding="UTF-8"?>
<!-- Generated by org.testng.reporters.JUnitXMLReporter -->
<testsuite hostname="DESKTOP-PH2DJEV" ignored="15" name="Test" tests="7" failures="0" timestamp="2022-12-02T21:44:45 IST" time="311.277" errors="0">
  <testcase name="Testcase5" time="63.817" classname="Testcasewebpage.Test_Cases"/>
  <testcase name="Testcase5" time="59.984" classname="Testcasewebpage.Test_Cases"/>
  <testcase name="Testcase5" time="63.481" classname="Testcasewebpage.Test_Cases"/>
  <testcase name="Testcase5" time="59.121" classname="Testcasewebpage.Test_Cases"/>
  <testcase name="Testcase15" time="5.278" classname="Testcasewebpage.Test_Cases"/>
  <testcase name="Testcase16" time="0.061" classname="Testcasewebpage.Test_Cases"/>
  <testcase name="Testcase18" time="0.009" classname="Testcasewebpage.Test_Cases"/>
  <testcase name="Testcase13" time="0.0" classname="Testcasewebpage.Test_Cases">
    <ignored/>
  </testcase> <!-- Testcase13 -->
  <testcase name="Testcase14" time="0.0" classname="Testcasewebpage.Test_Cases">
    <ignored/>
  </testcase> <!-- Testcase14 -->
  <testcase name="Testcase11" time="0.0" classname="Testcasewebpage.Test_Cases">
    <ignored/>
  </testcase> <!-- Testcase11 -->
  <testcase name="Testcase10" time="0.0" classname="Testcasewebpage.Test_Cases">
    <ignored/>
  </testcase> <!-- Testcase10 -->
  <testcase name="Testcase1" time="0.0" classname="Testcasewebpage.Test_Cases">
    <ignored/>
  </testcase> <!-- Testcase1 -->
  <testcase name="Testcase17" time="0.0" classname="Testcasewebpage.Test_Cases">
    <ignored/>
  </testcase> <!-- Testcase17 -->
  <testcase name="Testcase19" time="0.0" classname="Testcasewebpage.Test_Cases">
    <ignored/>
  </testcase> <!-- Testcase19 -->
  <testcase name="Testcase9" time="0.0" classname="Testcasewebpage.Test_Cases">
    <ignored/>
  </testcase> <!-- Testcase9 -->
  <testcase name="Testcase2" time="0.0" classname="Testcasewebpage.Test_Cases">
    <ignored/>
  </testcase> <!-- Testcase2 -->
  <testcase name="Testcase3" time="0.0" classname="Testcasewebpage.Test_Cases">
    <ignored/>
  </testcase> <!-- Testcase3 -->
  <testcase name="Testcase4" time="0.0" classname="Testcasewebpage.Test_Cases">
    <ignored/>
  </testcase> <!-- Testcase4 -->
  <testcase name="Testcase6" time="0.0" classname="Testcasewebpage.Test_Cases">
    <ignored/>
  </testcase> <!-- Testcase6 -->
  <testcase name="Testcase7" time="0.0" classname="Testcasewebpage.Test_Cases">
    <ignored/>
  </testcase> <!-- Testcase7 -->
  <testcase name="Testcase8" time="0.0" classname="Testcasewebpage.Test_Cases">
    <ignored/>
  </testcase> <!-- Testcase8 -->
  <testcase name="Testcase12" time="0.0" classname="Testcasewebpage.Test_Cases">
    <ignored/>
  </testcase> <!-- Testcase12 -->
</testsuite> <!-- Test -->
