<?xml version="1.0" encoding="UTF-8"?>
<testng-results skipped="0" failed="0" ignored="9" total="10" passed="1">
  <reporter-output>
  </reporter-output>
  <suite name="Suite" duration-ms="22078" started-at="2022-12-06T13:58:39 IST" finished-at="2022-12-06T13:59:01 IST">
    <groups>
      <group name="Sanity">
        <method signature="SignUp_Testcases.Testcase6()[pri:6, instance:Testcasewebpage.SignUp_Testcases@2e005c4b]" name="Testcase6" class="Testcasewebpage.SignUp_Testcases"/>
      </group> <!-- Sanity -->
    </groups>
    <test name="Test" duration-ms="22078" started-at="2022-12-06T13:58:39 IST" finished-at="2022-12-06T13:59:01 IST">
      <class name="Testcasewebpage.SignUp_Testcases">
        <test-method status="PASS" signature="Saucelabtesting()[pri:0, instance:Testcasewebpage.SignUp_Testcases@2e005c4b]" name="Saucelabtesting" is-config="true" duration-ms="8201" started-at="2022-12-06T13:58:39 IST" finished-at="2022-12-06T13:58:48 IST">
          <reporter-output>
          </reporter-output>
        </test-method> <!-- Saucelabtesting -->
        <test-method status="PASS" signature="setup()[pri:0, instance:Testcasewebpage.SignUp_Testcases@2e005c4b]" name="setup" is-config="true" duration-ms="7216" started-at="2022-12-06T13:58:48 IST" finished-at="2022-12-06T13:58:55 IST">
          <reporter-output>
          </reporter-output>
        </test-method> <!-- setup -->
        <test-method status="PASS" signature="Testcase6()[pri:6, instance:Testcasewebpage.SignUp_Testcases@2e005c4b]" name="Testcase6" duration-ms="5500" started-at="2022-12-06T13:58:55 IST" description="Test cases to verify firstname error message " finished-at="2022-12-06T13:59:01 IST">
          <reporter-output>
          </reporter-output>
        </test-method> <!-- Testcase6 -->
        <test-method status="PASS" signature="teardown()[pri:0, instance:Testcasewebpage.SignUp_Testcases@2e005c4b]" name="teardown" is-config="true" duration-ms="676" started-at="2022-12-06T13:59:01 IST" finished-at="2022-12-06T13:59:01 IST">
          <reporter-output>
          </reporter-output>
        </test-method> <!-- teardown -->
      </class> <!-- Testcasewebpage.SignUp_Testcases -->
    </test> <!-- Test -->
  </suite> <!-- Suite -->
</testng-results>
